<?xml version="1.0" encoding="UTF-8"?>
<!-- Generated by org.testng.reporters.JUnitXMLReporter -->
<testsuite hostname="Dmitriys-MacBook-Pro-3.local" name="Default test(failed)" tests="3" failures="0" timestamp="2 Mar 2016 21:01:49 GMT" time="40.846" errors="0">
  <testcase name="@BeforeMethod setUp" time="0.0" classname="ALLie_AutoTests.TestSuite">
    <failure type="org.openqa.selenium.SessionNotCreatedException" message="A new session could not be created. (Original error: Instruments crashed on startup) (WARNING: The server did not provide any stacktrace information)
Command duration or timeout: 26.70 seconds
Build info: version: &amp;apos;2.45.0&amp;apos;, revision: &amp;apos;32a636c&amp;apos;, time: &amp;apos;2015-03-05 22:01:35&amp;apos;
System info: host: &amp;apos;Dmitriys-MacBook-Pro-3.local&amp;apos;, ip: &amp;apos;10.0.2.15&amp;apos;, os.name: &amp;apos;Mac OS X&amp;apos;, os.arch: &amp;apos;x86_64&amp;apos;, os.version: &amp;apos;10.11.3&amp;apos;, java.version: &amp;apos;1.8.0_45&amp;apos;
Driver info: io.appium.java_client.ios.IOSDriver">
      <![CDATA[org.openqa.selenium.SessionNotCreatedException: A new session could not be created. (Original error: Instruments crashed on startup) (WARNING: The server did not provide any stacktrace information)
Command duration or timeout: 26.70 seconds
Build info: version: '2.45.0', revision: '32a636c', time: '2015-03-05 22:01:35'
System info: host: 'Dmitriys-MacBook-Pro-3.local', ip: '10.0.2.15', os.name: 'Mac OS X', os.arch: 'x86_64', os.version: '10.11.3', java.version: '1.8.0_45'
Driver info: io.appium.java_client.ios.IOSDriver
	at org.openqa.selenium.remote.ErrorHandler.createThrowable(ErrorHandler.java:204)
	at org.openqa.selenium.remote.ErrorHandler.throwIfResponseFailed(ErrorHandler.java:156)
	at org.openqa.selenium.remote.RemoteWebDriver.execute(RemoteWebDriver.java:599)
	at io.appium.java_client.AppiumDriver.execute(AppiumDriver.java:216)
	at org.openqa.selenium.remote.RemoteWebDriver.startSession(RemoteWebDriver.java:240)
	at org.openqa.selenium.remote.RemoteWebDriver.<init>(RemoteWebDriver.java:126)
	at org.openqa.selenium.remote.RemoteWebDriver.<init>(RemoteWebDriver.java:153)
	at io.appium.java_client.AppiumDriver.<init>(AppiumDriver.java:145)
	at io.appium.java_client.ios.IOSDriver.<init>(IOSDriver.java:24)
	at ALLie_AutoTests.BaseTest.setUp(BaseTest.java:80)
... Removed 30 stack frames]]>
    </failure>
  </testcase> <!-- @BeforeMethod setUp -->
  <testcase name="@AfterMethod catchExceptions" time="0.0" classname="ALLie_AutoTests.TestSuite">
    <failure type="java.lang.NullPointerException">
      <![CDATA[java.lang.NullPointerException
	at ALLie_AutoTests.BaseTest.catchExceptions(BaseTest.java:122)
... Removed 26 stack frames]]>
    </failure>
  </testcase> <!-- @AfterMethod catchExceptions -->
  <testcase name="@BeforeMethod setUp" time="0.0" classname="ALLie_AutoTests.TestSuite">
    <skipped/>
  </testcase> <!-- @BeforeMethod setUp -->
  <testcase name="@AfterMethod catchExceptions" time="0.0" classname="ALLie_AutoTests.TestSuite">
    <failure type="java.lang.NullPointerException">
      <![CDATA[java.lang.NullPointerException
	at ALLie_AutoTests.BaseTest.catchExceptions(BaseTest.java:122)
... Removed 26 stack frames]]>
    </failure>
  </testcase> <!-- @AfterMethod catchExceptions -->
  <testcase name="@BeforeMethod setUp" time="0.0" classname="ALLie_AutoTests.TestSuite">
    <skipped/>
  </testcase> <!-- @BeforeMethod setUp -->
  <testcase name="@AfterMethod catchExceptions" time="0.0" classname="ALLie_AutoTests.TestSuite">
    <failure type="java.lang.NullPointerException">
      <![CDATA[java.lang.NullPointerException
	at ALLie_AutoTests.BaseTest.catchExceptions(BaseTest.java:122)
... Removed 26 stack frames]]>
    </failure>
  </testcase> <!-- @AfterMethod catchExceptions -->
  <testcase name="Ride" time="0.0" classname="ALLie_AutoTests.TestSuite">
    <skipped/>
  </testcase> <!-- Ride -->
  <testcase name="AccountScreen" time="0.001" classname="ALLie_AutoTests.TestSuite">
    <skipped/>
  </testcase> <!-- AccountScreen -->
  <testcase name="Schedul_" time="0.001" classname="ALLie_AutoTests.TestSuite">
    <skipped/>
  </testcase> <!-- Schedul_ -->
</testsuite> <!-- Default test(failed) -->
