<?xml version="1.0" encoding="UTF-8"?>
<!-- Generated by org.testng.reporters.JUnitReportReporter -->
<testsuite hostname="Dmitriys-MacBook-Pro-3.local" name="Allie_AT_ANDR.Andr_TestSuite" tests="2" failures="0" timestamp="25 Apr 2016 16:40:22 GMT" time="121.076" errors="2">
  <testcase name="Schedul_2" time="61.851" classname="Allie_AT_ANDR.Andr_TestSuite">
    <error type="org.openqa.selenium.remote.UnreachableBrowserException" message="Error communicating with the remote browser. It may have died.
Build info: version: &#039;2.45.0&#039;, revision: &#039;32a636c&#039;, time: &#039;2015-03-05 22:01:35&#039;
System info: host: &#039;Dmitriys-MacBook-Pro-3.local&#039;, ip: &#039;10.0.2.15&#039;, os.name: &#039;Mac OS X&#039;, os.arch: &#039;x86_64&#039;, os.version: &#039;10.11.4&#039;, java.version: &#039;1.8.0_45&#039;
Driver info: driver.version: AppiumDriver">
      <![CDATA[org.openqa.selenium.remote.UnreachableBrowserException: Error communicating with the remote browser. It may have died.
Build info: version: '2.45.0', revision: '32a636c', time: '2015-03-05 22:01:35'
System info: host: 'Dmitriys-MacBook-Pro-3.local', ip: '10.0.2.15', os.name: 'Mac OS X', os.arch: 'x86_64', os.version: '10.11.4', java.version: '1.8.0_45'
Driver info: driver.version: AppiumDriver
	at org.openqa.selenium.remote.RemoteWebDriver.execute(RemoteWebDriver.java:593)
	at io.appium.java_client.AppiumDriver.execute(AppiumDriver.java:216)
	at org.openqa.selenium.remote.RemoteWebDriver.findElement(RemoteWebDriver.java:352)
	at org.openqa.selenium.remote.RemoteWebDriver.findElementByXPath(RemoteWebDriver.java:449)
	at io.appium.java_client.AppiumDriver.findElementByXPath(AppiumDriver.java:107)
	at io.appium.java_client.AppiumDriver.findElementByXPath(AppiumDriver.java:1)
	at org.openqa.selenium.By$ByXPath.findElement(By.java:357)
	at org.openqa.selenium.remote.RemoteWebDriver.findElement(RemoteWebDriver.java:344)
	at io.appium.java_client.AppiumDriver.findElement(AppiumDriver.java:75)
	at Allie_AT_ANDR.ANDR_Basemethods.TapXpath(ANDR_Basemethods.java:163)
	at Allie_AT_ANDR.ANDR_Basemethods.Restore(ANDR_Basemethods.java:931)
	at Allie_AT_ANDR.Andr_AccountScreen.AccountCheck(Andr_AccountScreen.java:69)
	at Allie_AT_ANDR.Andr_TestSuite.Schedul_2(Andr_TestSuite.java:67)
	at sun.reflect.NativeMethodAccessorImpl.invoke0(Native Method)
	at sun.reflect.NativeMethodAccessorImpl.invoke(NativeMethodAccessorImpl.java:62)
	at sun.reflect.DelegatingMethodAccessorImpl.invoke(DelegatingMethodAccessorImpl.java:43)
	at java.lang.reflect.Method.invoke(Method.java:497)
	at org.testng.internal.MethodInvocationHelper.invokeMethod(MethodInvocationHelper.java:86)
	at org.testng.internal.Invoker.invokeMethod(Invoker.java:645)
	at org.testng.internal.Invoker.invokeTestMethod(Invoker.java:822)
	at org.testng.internal.Invoker.invokeTestMethods(Invoker.java:1130)
	at org.testng.internal.TestMethodWorker.invokeTestMethods(TestMethodWorker.java:129)
	at org.testng.internal.TestMethodWorker.run(TestMethodWorker.java:112)
	at org.testng.TestRunner.privateRun(TestRunner.java:782)
	at org.testng.TestRunner.run(TestRunner.java:632)
	at org.testng.SuiteRunner.runTest(SuiteRunner.java:366)
	at org.testng.SuiteRunner.runSequentially(SuiteRunner.java:361)
	at org.testng.SuiteRunner.privateRun(SuiteRunner.java:319)
	at org.testng.SuiteRunner.run(SuiteRunner.java:268)
	at org.testng.SuiteRunnerWorker.runSuite(SuiteRunnerWorker.java:52)
	at org.testng.SuiteRunnerWorker.run(SuiteRunnerWorker.java:86)
	at org.testng.TestNG.runSuitesSequentially(TestNG.java:1244)
	at org.testng.TestNG.runSuitesLocally(TestNG.java:1169)
	at org.testng.TestNG.run(TestNG.java:1064)
	at org.testng.remote.RemoteTestNG.run(RemoteTestNG.java:113)
	at org.testng.remote.RemoteTestNG.initAndRun(RemoteTestNG.java:206)
	at org.testng.remote.RemoteTestNG.main(RemoteTestNG.java:177)
Caused by: org.apache.http.conn.HttpHostConnectException: Connect to 127.0.0.1:4723 [/127.0.0.1] failed: Connection refused
	at org.apache.http.impl.conn.HttpClientConnectionOperator.connect(HttpClientConnectionOperator.java:142)
	at org.apache.http.impl.conn.PoolingHttpClientConnectionManager.connect(PoolingHttpClientConnectionManager.java:319)
	at org.apache.http.impl.execchain.MainClientExec.establishRoute(MainClientExec.java:363)
	at org.apache.http.impl.execchain.MainClientExec.execute(MainClientExec.java:219)
	at org.apache.http.impl.execchain.ProtocolExec.execute(ProtocolExec.java:195)
	at org.apache.http.impl.execchain.RetryExec.execute(RetryExec.java:86)
	at org.apache.http.impl.execchain.RedirectExec.execute(RedirectExec.java:108)
	at org.apache.http.impl.client.InternalHttpClient.doExecute(InternalHttpClient.java:184)
	at org.apache.http.impl.client.CloseableHttpClient.execute(CloseableHttpClient.java:72)
	at org.apache.http.impl.client.CloseableHttpClient.execute(CloseableHttpClient.java:57)
	at org.openqa.selenium.remote.internal.ApacheHttpClient.fallBackExecute(ApacheHttpClient.java:126)
	at org.openqa.selenium.remote.internal.ApacheHttpClient.execute(ApacheHttpClient.java:72)
	at org.openqa.selenium.remote.HttpCommandExecutor.execute(HttpCommandExecutor.java:133)
	at org.openqa.selenium.remote.RemoteWebDriver.execute(RemoteWebDriver.java:572)
	... 36 more
Caused by: java.net.ConnectException: Connection refused
	at java.net.PlainSocketImpl.socketConnect(Native Method)
	at java.net.AbstractPlainSocketImpl.doConnect(AbstractPlainSocketImpl.java:345)
	at java.net.AbstractPlainSocketImpl.connectToAddress(AbstractPlainSocketImpl.java:206)
	at java.net.AbstractPlainSocketImpl.connect(AbstractPlainSocketImpl.java:188)
	at java.net.SocksSocketImpl.connect(SocksSocketImpl.java:392)
	at java.net.Socket.connect(Socket.java:589)
	at org.apache.http.conn.socket.PlainConnectionSocketFactory.connectSocket(PlainConnectionSocketFactory.java:72)
	at org.apache.http.impl.conn.HttpClientConnectionOperator.connect(HttpClientConnectionOperator.java:125)
	... 49 more
]]>
    </error>
  </testcase> <!-- Schedul_2 -->
  <testcase name="Schedul_" time="59.225" classname="Allie_AT_ANDR.Andr_TestSuite">
    <error type="org.openqa.selenium.TimeoutException" message="Timed out after 10 seconds waiting for presence of element located by: By.id: com.icrealtime.allie:id/after_splash_login
Build info: version: &#039;2.45.0&#039;, revision: &#039;32a636c&#039;, time: &#039;2015-03-05 22:01:35&#039;
System info: host: &#039;Dmitriys-MacBook-Pro-3.local&#039;, ip: &#039;10.0.2.15&#039;, os.name: &#039;Mac OS X&#039;, os.arch: &#039;x86_64&#039;, os.version: &#039;10.11.4&#039;, java.version: &#039;1.8.0_45&#039;
Driver info: io.appium.java_client.android.AndroidDriver
Capabilities [{app=/Users/dmitriy/Documents/workspace/Allie/src/Allie_AT_ANDR/APK/AllieHome-5-debug.apk, appPackage=com.icrealtime.allie, networkConnectionEnabled=true, noReset=true, warnings={}, appWaitActivity=com.icrealtime.allie.ui.activities.SplashActivity, databaseEnabled=false, deviceName=HT4CTWV00020, fullReset=false, platform=LINUX, appActivity=com.icrealtime.allie.ui.activities.PreloaderActivity, desired={app=/Users/dmitriy/Documents/workspace/Allie/src/Allie_AT_ANDR/APK/AllieHome-5-debug.apk, appPackage=com.icrealtime.allie, appActivity=com.icrealtime.allie.ui.activities.PreloaderActivity, appium-version=1.0, noReset=true, platformVersion=5.0, appWaitActivity=com.icrealtime.allie.ui.activities.SplashActivity, platformName=Android, deviceName=Nexus 9, fullReset=false}, appium-version=1.0, platformVersion=6.0.1, webStorageEnabled=false, locationContextEnabled=false, browserName=Android, takesScreenshot=true, javascriptEnabled=true, platformName=Android}]
Session ID: 83ed5c69-cc41-4906-8342-538d6db8c3ad">
      <![CDATA[org.openqa.selenium.TimeoutException: Timed out after 10 seconds waiting for presence of element located by: By.id: com.icrealtime.allie:id/after_splash_login
Build info: version: '2.45.0', revision: '32a636c', time: '2015-03-05 22:01:35'
System info: host: 'Dmitriys-MacBook-Pro-3.local', ip: '10.0.2.15', os.name: 'Mac OS X', os.arch: 'x86_64', os.version: '10.11.4', java.version: '1.8.0_45'
Driver info: io.appium.java_client.android.AndroidDriver
Capabilities [{app=/Users/dmitriy/Documents/workspace/Allie/src/Allie_AT_ANDR/APK/AllieHome-5-debug.apk, appPackage=com.icrealtime.allie, networkConnectionEnabled=true, noReset=true, warnings={}, appWaitActivity=com.icrealtime.allie.ui.activities.SplashActivity, databaseEnabled=false, deviceName=HT4CTWV00020, fullReset=false, platform=LINUX, appActivity=com.icrealtime.allie.ui.activities.PreloaderActivity, desired={app=/Users/dmitriy/Documents/workspace/Allie/src/Allie_AT_ANDR/APK/AllieHome-5-debug.apk, appPackage=com.icrealtime.allie, appActivity=com.icrealtime.allie.ui.activities.PreloaderActivity, appium-version=1.0, noReset=true, platformVersion=5.0, appWaitActivity=com.icrealtime.allie.ui.activities.SplashActivity, platformName=Android, deviceName=Nexus 9, fullReset=false}, appium-version=1.0, platformVersion=6.0.1, webStorageEnabled=false, locationContextEnabled=false, browserName=Android, takesScreenshot=true, javascriptEnabled=true, platformName=Android}]
Session ID: 83ed5c69-cc41-4906-8342-538d6db8c3ad
	at org.openqa.selenium.support.ui.WebDriverWait.timeoutException(WebDriverWait.java:79)
	at org.openqa.selenium.support.ui.FluentWait.until(FluentWait.java:228)
	at Allie_AT_ANDR.ANDR_Basemethods.WaitID(ANDR_Basemethods.java:178)
	at Allie_AT_ANDR.ANDR_Basemethods.Registration_Change_Restore_Pass(ANDR_Basemethods.java:262)
	at Allie_AT_ANDR.Andr_AccountScreen.AccountCheck(Andr_AccountScreen.java:76)
	at Allie_AT_ANDR.Andr_TestSuite.Schedul_(Andr_TestSuite.java:59)
	at sun.reflect.NativeMethodAccessorImpl.invoke0(Native Method)
	at sun.reflect.NativeMethodAccessorImpl.invoke(NativeMethodAccessorImpl.java:62)
	at sun.reflect.DelegatingMethodAccessorImpl.invoke(DelegatingMethodAccessorImpl.java:43)
	at java.lang.reflect.Method.invoke(Method.java:497)
	at org.testng.internal.MethodInvocationHelper.invokeMethod(MethodInvocationHelper.java:86)
	at org.testng.internal.Invoker.invokeMethod(Invoker.java:645)
	at org.testng.internal.Invoker.invokeTestMethod(Invoker.java:822)
	at org.testng.internal.Invoker.invokeTestMethods(Invoker.java:1130)
	at org.testng.internal.TestMethodWorker.invokeTestMethods(TestMethodWorker.java:129)
	at org.testng.internal.TestMethodWorker.run(TestMethodWorker.java:112)
	at org.testng.TestRunner.privateRun(TestRunner.java:782)
	at org.testng.TestRunner.run(TestRunner.java:632)
	at org.testng.SuiteRunner.runTest(SuiteRunner.java:366)
	at org.testng.SuiteRunner.runSequentially(SuiteRunner.java:361)
	at org.testng.SuiteRunner.privateRun(SuiteRunner.java:319)
	at org.testng.SuiteRunner.run(SuiteRunner.java:268)
	at org.testng.SuiteRunnerWorker.runSuite(SuiteRunnerWorker.java:52)
	at org.testng.SuiteRunnerWorker.run(SuiteRunnerWorker.java:86)
	at org.testng.TestNG.runSuitesSequentially(TestNG.java:1244)
	at org.testng.TestNG.runSuitesLocally(TestNG.java:1169)
	at org.testng.TestNG.run(TestNG.java:1064)
	at org.testng.remote.RemoteTestNG.run(RemoteTestNG.java:113)
	at org.testng.remote.RemoteTestNG.initAndRun(RemoteTestNG.java:206)
	at org.testng.remote.RemoteTestNG.main(RemoteTestNG.java:177)
Caused by: org.openqa.selenium.NoSuchElementException: An element could not be located on the page using the given search parameters. (WARNING: The server did not provide any stacktrace information)
Command duration or timeout: 6.21 seconds
For documentation on this error, please visit: http://seleniumhq.org/exceptions/no_such_element.html
Build info: version: '2.45.0', revision: '32a636c', time: '2015-03-05 22:01:35'
System info: host: 'Dmitriys-MacBook-Pro-3.local', ip: '10.0.2.15', os.name: 'Mac OS X', os.arch: 'x86_64', os.version: '10.11.4', java.version: '1.8.0_45'
Driver info: io.appium.java_client.android.AndroidDriver
Capabilities [{app=/Users/dmitriy/Documents/workspace/Allie/src/Allie_AT_ANDR/APK/AllieHome-5-debug.apk, appPackage=com.icrealtime.allie, networkConnectionEnabled=true, noReset=true, warnings={}, appWaitActivity=com.icrealtime.allie.ui.activities.SplashActivity, databaseEnabled=false, deviceName=HT4CTWV00020, fullReset=false, platform=LINUX, appActivity=com.icrealtime.allie.ui.activities.PreloaderActivity, desired={app=/Users/dmitriy/Documents/workspace/Allie/src/Allie_AT_ANDR/APK/AllieHome-5-debug.apk, appPackage=com.icrealtime.allie, appActivity=com.icrealtime.allie.ui.activities.PreloaderActivity, appium-version=1.0, noReset=true, platformVersion=5.0, appWaitActivity=com.icrealtime.allie.ui.activities.SplashActivity, platformName=Android, deviceName=Nexus 9, fullReset=false}, appium-version=1.0, platformVersion=6.0.1, webStorageEnabled=false, locationContextEnabled=false, browserName=Android, takesScreenshot=true, javascriptEnabled=true, platformName=Android}]
Session ID: 83ed5c69-cc41-4906-8342-538d6db8c3ad
*** Element info: {Using=id, value=com.icrealtime.allie:id/after_splash_login}
	at sun.reflect.NativeConstructorAccessorImpl.newInstance0(Native Method)
	at sun.reflect.NativeConstructorAccessorImpl.newInstance(NativeConstructorAccessorImpl.java:62)
	at sun.reflect.DelegatingConstructorAccessorImpl.newInstance(DelegatingConstructorAccessorImpl.java:45)
	at java.lang.reflect.Constructor.newInstance(Constructor.java:422)
	at org.openqa.selenium.remote.ErrorHandler.createThrowable(ErrorHandler.java:204)
	at org.openqa.selenium.remote.ErrorHandler.throwIfResponseFailed(ErrorHandler.java:156)
	at org.openqa.selenium.remote.RemoteWebDriver.execute(RemoteWebDriver.java:599)
	at io.appium.java_client.AppiumDriver.execute(AppiumDriver.java:216)
	at org.openqa.selenium.remote.RemoteWebDriver.findElement(RemoteWebDriver.java:352)
	at org.openqa.selenium.remote.RemoteWebDriver.findElementById(RemoteWebDriver.java:393)
	at io.appium.java_client.AppiumDriver.findElementById(AppiumDriver.java:79)
	at io.appium.java_client.AppiumDriver.findElementById(AppiumDriver.java:1)
	at org.openqa.selenium.By$ById.findElement(By.java:214)
	at org.openqa.selenium.remote.RemoteWebDriver.findElement(RemoteWebDriver.java:344)
	at io.appium.java_client.AppiumDriver.findElement(AppiumDriver.java:75)
	at io.appium.java_client.AppiumDriver.findElement(AppiumDriver.java:1)
	at org.openqa.selenium.support.ui.ExpectedConditions.findElement(ExpectedConditions.java:730)
	at org.openqa.selenium.support.ui.ExpectedConditions.access$0(ExpectedConditions.java:728)
	at org.openqa.selenium.support.ui.ExpectedConditions$3.apply(ExpectedConditions.java:106)
	at org.openqa.selenium.support.ui.ExpectedConditions$3.apply(ExpectedConditions.java:1)
	at org.openqa.selenium.support.ui.FluentWait.until(FluentWait.java:208)
	... 28 more
]]>
    </error>
  </testcase> <!-- Schedul_ -->
</testsuite> <!-- Allie_AT_ANDR.Andr_TestSuite -->
